/*C3*/SET SCHEMA PUBLIC
set schema PUBLIC
/*C4*/SET SCHEMA PUBLIC
DISCONNECT
/*C5*/SET SCHEMA PUBLIC
DISCONNECT
/*C6*/SET SCHEMA PUBLIC
DISCONNECT
/*C7*/SET SCHEMA PUBLIC
DISCONNECT
/*C8*/SET SCHEMA PUBLIC
DISCONNECT
/*C9*/SET SCHEMA PUBLIC
DISCONNECT
/*C11*/SET SCHEMA PUBLIC
DISCONNECT
/*C3*/DROP TABLE CAREGIVER
/*C12*/SET SCHEMA PUBLIC
DISCONNECT
/*C10*/SET SCHEMA PUBLIC
DISCONNECT
/*C13*/SET SCHEMA PUBLIC
DISCONNECT
/*C3*/Create TABLE CAREGIVER (\u000a                                     FIRSTNAME varchar(255),\u000a                                     SURNAME varchar(255),\u000a                                     PHONENUMBER varchar(255))
/*C14*/SET SCHEMA PUBLIC
DISCONNECT
/*C15*/SET SCHEMA PUBLIC
DISCONNECT
/*C16*/SET SCHEMA PUBLIC
DISCONNECT
/*C17*/SET SCHEMA PUBLIC
DISCONNECT
/*C3*/Drop TABLE CAREGIVER
/*C18*/SET SCHEMA PUBLIC
DISCONNECT
/*C19*/SET SCHEMA PUBLIC
DISCONNECT
/*C20*/SET SCHEMA PUBLIC
DISCONNECT
/*C21*/SET SCHEMA PUBLIC
DISCONNECT
/*C3*/CREATE TABLE CAREGIVER (CID INTEGER NOT NULL IDENTITY, FIRSTNAME varchar(255), SURNAME varchar(255), PHONENUMBER varchar(255))
/*C22*/SET SCHEMA PUBLIC
DISCONNECT
